This is XeTeX, Version 3.14159265-2.6-0.99996 (MiKTeX 2.9) (preloaded format=xelatex 2016.9.22)  7 FEB 2018 00:18
entering extended mode
**"./SON report.tex"
("SON report.tex"
LaTeX2e <2016/03/31> patch level 1
Babel <3.9r> and hyphenation patterns for 75 language(s) loaded.
("C:\Program Files (x86)\MiKTeX 2.9\tex\latex\base\article.cls"
Document Class: article 2014/09/29 v1.4h Standard LaTeX document class
("C:\Program Files (x86)\MiKTeX 2.9\tex\latex\base\size12.clo"
File: size12.clo 2014/09/29 v1.4h Standard LaTeX file (size option)
)
\c@part=\count79
\c@section=\count80
\c@subsection=\count81
\c@subsubsection=\count82
\c@paragraph=\count83
\c@subparagraph=\count84
\c@figure=\count85
\c@table=\count86
\abovecaptionskip=\skip41
\belowcaptionskip=\skip42
\bibindent=\dimen102
)
("C:\Program Files (x86)\MiKTeX 2.9\tex\latex\base\inputenc.sty"
Package: inputenc 2015/03/17 v1.2c Input encoding file
\inpenc@prehook=\toks14
\inpenc@posthook=\toks15


Package inputenc Warning: inputenc package ignored with utf8 based engines.

) ("C:\Program Files (x86)\MiKTeX 2.9\tex\latex\base\fontenc.sty"
Package: fontenc 2005/09/27 v1.99g Standard LaTeX package

("C:\Program Files (x86)\MiKTeX 2.9\tex\latex\base\t1enc.def"
File: t1enc.def 2005/09/27 v1.99g Standard LaTeX file
LaTeX Font Info:    Redeclaring font encoding T1 on input line 48.
))
("C:\Program Files (x86)\MiKTeX 2.9\tex\latex\graphics\graphicx.sty"
Package: graphicx 2014/10/28 v1.0g Enhanced LaTeX Graphics (DPC,SPQR)

("C:\Program Files (x86)\MiKTeX 2.9\tex\latex\graphics\keyval.sty"
Package: keyval 2014/10/28 v1.15 key=value parser (DPC)
\KV@toks@=\toks16
)
("C:\Program Files (x86)\MiKTeX 2.9\tex\latex\graphics\graphics.sty"
Package: graphics 2016/06/02 v1.0s Standard LaTeX Graphics (DPC,SPQR)

("C:\Program Files (x86)\MiKTeX 2.9\tex\latex\graphics\trig.sty"
Package: trig 2016/01/03 v1.10 sin cos tan (DPC)
)
("C:\Program Files (x86)\MiKTeX 2.9\tex\latex\00miktex\graphics.cfg"
File: graphics.cfg 2016/06/04 v1.11 sample graphics configuration
)
Package graphics Info: Driver file: xetex.def on input line 99.

("C:\Program Files (x86)\MiKTeX 2.9\tex\latex\graphics-def\xetex.def"
File: xetex.def 2016/07/11 v4.10 LaTeX color/graphics driver for XeTeX (L3/RRM/
JK)
))
\Gin@req@height=\dimen103
\Gin@req@width=\dimen104
)
("C:\Program Files (x86)\MiKTeX 2.9\tex\latex\xcolor\xcolor.sty"
Package: xcolor 2016/05/11 v2.12 LaTeX color extensions (UK)

("C:\Program Files (x86)\MiKTeX 2.9\tex\latex\00miktex\color.cfg"
File: color.cfg 2016/01/02 v1.6 sample color configuration
)
Package xcolor Info: Driver file: xetex.def on input line 225.
Package xcolor Info: Model `cmy' substituted by `cmy0' on input line 1348.
Package xcolor Info: Model `RGB' extended on input line 1364.
Package xcolor Info: Model `HTML' substituted by `rgb' on input line 1366.
Package xcolor Info: Model `Hsb' substituted by `hsb' on input line 1367.
Package xcolor Info: Model `tHsb' substituted by `hsb' on input line 1368.
Package xcolor Info: Model `HSB' substituted by `hsb' on input line 1369.
Package xcolor Info: Model `Gray' substituted by `gray' on input line 1370.
Package xcolor Info: Model `wave' substituted by `hsb' on input line 1371.
)
("C:\Program Files (x86)\MiKTeX 2.9\tex\latex\hyperref\hyperref.sty"
Package: hyperref 2016/05/21 v6.83p Hypertext links for LaTeX

("C:\Program Files (x86)\MiKTeX 2.9\tex\generic\oberdiek\hobsub-hyperref.sty"
Package: hobsub-hyperref 2016/05/16 v1.14 Bundle oberdiek, subset hyperref (HO)


("C:\Program Files (x86)\MiKTeX 2.9\tex\generic\oberdiek\hobsub-generic.sty"
Package: hobsub-generic 2016/05/16 v1.14 Bundle oberdiek, subset generic (HO)
Package: hobsub 2016/05/16 v1.14 Construct package bundles (HO)
Package: infwarerr 2016/05/16 v1.4 Providing info/warning/error messages (HO)
Package: ltxcmds 2016/05/16 v1.23 LaTeX kernel commands for general use (HO)
Package: ifluatex 2016/05/16 v1.4 Provides the ifluatex switch (HO)
Package ifluatex Info: LuaTeX not detected.
Package: ifvtex 2016/05/16 v1.6 Detect VTeX and its facilities (HO)
Package ifvtex Info: VTeX not detected.
Package: intcalc 2016/05/16 v1.2 Expandable calculations with integers (HO)
Package: ifpdf 2016/05/14 v3.1 Provides the ifpdf switch
Package: etexcmds 2016/05/16 v1.6 Avoid name clashes with e-TeX commands (HO)
Package etexcmds Info: Could not find \expanded.
(etexcmds)             That can mean that you are not using pdfTeX 1.50 or
(etexcmds)             that some package has redefined \expanded.
(etexcmds)             In the latter case, load this package earlier.
Package: kvsetkeys 2016/05/16 v1.17 Key value parser (HO)
Package: kvdefinekeys 2016/05/16 v1.4 Define keys (HO)
Package: pdftexcmds 2016/05/21 v0.22 Utility functions of pdfTeX for LuaTeX (HO
)
Package pdftexcmds Info: LuaTeX not detected.
Package pdftexcmds Info: pdfTeX >= 1.30 not detected.
Package pdftexcmds Info: \pdf@primitive is available.
Package pdftexcmds Info: \pdf@ifprimitive is available.
Package pdftexcmds Info: \pdfdraftmode not found.
Package: pdfescape 2016/05/16 v1.14 Implements pdfTeX's escape features (HO)
Package: bigintcalc 2016/05/16 v1.4 Expandable calculations on big integers (HO
)
Package: bitset 2016/05/16 v1.2 Handle bit-vector datatype (HO)
Package: uniquecounter 2016/05/16 v1.3 Provide unlimited unique counter (HO)
)
Package hobsub Info: Skipping package `hobsub' (already loaded).
Package: letltxmacro 2016/05/16 v1.5 Let assignment for LaTeX macros (HO)
Package: hopatch 2016/05/16 v1.3 Wrapper for package hooks (HO)
Package: xcolor-patch 2016/05/16 xcolor patch
Package: atveryend 2016/05/16 v1.9 Hooks at the very end of document (HO)
Package atveryend Info: \enddocument detected (standard20110627).
Package: atbegshi 2016/06/09 v1.18 At begin shipout hook (HO)
Package: refcount 2016/05/16 v3.5 Data extraction from label references (HO)
Package: hycolor 2016/05/16 v1.8 Color options for hyperref/bookmark (HO)
)
("C:\Program Files (x86)\MiKTeX 2.9\tex\generic\ifxetex\ifxetex.sty"
Package: ifxetex 2010/09/12 v0.6 Provides ifxetex conditional
)
("C:\Program Files (x86)\MiKTeX 2.9\tex\latex\oberdiek\auxhook.sty"
Package: auxhook 2016/05/16 v1.4 Hooks for auxiliary files (HO)
)
("C:\Program Files (x86)\MiKTeX 2.9\tex\latex\oberdiek\kvoptions.sty"
Package: kvoptions 2016/05/16 v3.12 Key value format for package options (HO)
)
\@linkdim=\dimen105
\Hy@linkcounter=\count87
\Hy@pagecounter=\count88

("C:\Program Files (x86)\MiKTeX 2.9\tex\latex\hyperref\pd1enc.def"
File: pd1enc.def 2016/05/21 v6.83p Hyperref: PDFDocEncoding definition (HO)
)
\Hy@SavedSpaceFactor=\count89

("C:\Program Files (x86)\MiKTeX 2.9\tex\latex\00miktex\hyperref.cfg"
File: hyperref.cfg 2002/06/06 v1.2 hyperref configuration of TeXLive
)
Package hyperref Info: Hyper figures OFF on input line 4486.
Package hyperref Info: Link nesting OFF on input line 4491.
Package hyperref Info: Hyper index ON on input line 4494.
Package hyperref Info: Plain pages OFF on input line 4501.
Package hyperref Info: Backreferencing OFF on input line 4506.
Package hyperref Info: Implicit mode ON; LaTeX internals redefined.
Package hyperref Info: Bookmarks ON on input line 4735.
\c@Hy@tempcnt=\count90

("C:\Users\VIET NGUYEN\AppData\Roaming\MiKTeX\2.9\tex\latex\url\url.sty"
\Urlmuskip=\muskip10
Package: url 2013/09/16  ver 3.4  Verb mode for urls, etc.
)
LaTeX Info: Redefining \url on input line 5088.
\XeTeXLinkMargin=\dimen106
\Fld@menulength=\count91
\Field@Width=\dimen107
\Fld@charsize=\dimen108
Package hyperref Info: Hyper figures OFF on input line 6342.
Package hyperref Info: Link nesting OFF on input line 6347.
Package hyperref Info: Hyper index ON on input line 6350.
Package hyperref Info: backreferencing OFF on input line 6357.
Package hyperref Info: Link coloring OFF on input line 6362.
Package hyperref Info: Link coloring with OCG OFF on input line 6367.
Package hyperref Info: PDF/A mode OFF on input line 6372.
LaTeX Info: Redefining \ref on input line 6412.
LaTeX Info: Redefining \pageref on input line 6416.
\Hy@abspage=\count92
\c@Item=\count93
\c@Hfootnote=\count94
)

Package hyperref Message: Driver (autodetected): hxetex.

("C:\Program Files (x86)\MiKTeX 2.9\tex\latex\hyperref\hxetex.def"
File: hxetex.def 2016/05/21 v6.83p Hyperref driver for XeTeX

("C:\Program Files (x86)\MiKTeX 2.9\tex\latex\hyperref\puenc.def"
File: puenc.def 2016/05/21 v6.83p Hyperref: PDF Unicode definition (HO)
)
("C:\Program Files (x86)\MiKTeX 2.9\tex\generic\oberdiek\stringenc.sty"
Package: stringenc 2016/05/16 v1.11 Convert strings between diff. encodings (HO
)
)
\pdfm@box=\box26
\c@Hy@AnnotLevel=\count95
\HyField@AnnotCount=\count96
\Fld@listcount=\count97
\c@bookmark@seq@number=\count98

("C:\Program Files (x86)\MiKTeX 2.9\tex\latex\oberdiek\rerunfilecheck.sty"
Package: rerunfilecheck 2016/05/16 v1.8 Rerun checks for auxiliary files (HO)
Package rerunfilecheck Info: Feature \pdfmdfivesum is not available
(rerunfilecheck)             (e.g. pdfTeX or LuaTeX with package `pdftexcmds').

(rerunfilecheck)             Therefore file contents cannot be checked efficien
tly
(rerunfilecheck)             and the loading of the package is aborted.
)
\Hy@SectionHShift=\skip43
)
("C:\Program Files (x86)\MiKTeX 2.9\tex\generic\babel\babel.sty"
Package: babel 2016/04/23 3.9r The Babel package

*************************************
* Local config file bblopts.cfg used
*
("C:\Program Files (x86)\MiKTeX 2.9\tex\latex\arabi\bblopts.cfg"
File: bblopts.cfg 2005/09/08 v0.1 add Arabic and Farsi to "declared" options of
 babel
)
("C:\Program Files (x86)\MiKTeX 2.9\tex\latex\babel-english\english.ldf"
Language: english 2012/08/20 v3.3p English support from the babel system

("C:\Program Files (x86)\MiKTeX 2.9\tex\generic\babel\babel.def"
File: babel.def 2016/04/23 3.9r Babel common definitions
\babel@savecnt=\count99
\U@D=\dimen109

("C:\Program Files (x86)\MiKTeX 2.9\tex\generic\babel\xebabel.def"))
\l@canadian = a dialect from \language\l@american 
\l@australian = a dialect from \language\l@british 
\l@newzealand = a dialect from \language\l@british 
))
("C:\Program Files (x86)\MiKTeX 2.9\tex\latex\tools\multicol.sty"
Package: multicol 2016/04/07 v1.8p multicolumn formatting (FMi)
\c@tracingmulticols=\count100
\mult@box=\box27
\multicol@leftmargin=\dimen110
\c@unbalance=\count101
\c@collectmore=\count102
\doublecol@number=\count103
\multicoltolerance=\count104
\multicolpretolerance=\count105
\full@width=\dimen111
\page@free=\dimen112
\premulticols=\dimen113
\postmulticols=\dimen114
\multicolsep=\skip44
\multicolbaselineskip=\skip45
\partial@page=\box28
\last@line=\box29
\maxbalancingoverflow=\dimen115
\mult@rightbox=\box30
\mult@grightbox=\box31
\mult@gfirstbox=\box32
\mult@firstbox=\box33
\@tempa=\box34
\@tempa=\box35
\@tempa=\box36
\@tempa=\box37
\@tempa=\box38
\@tempa=\box39
\@tempa=\box40
\@tempa=\box41
\@tempa=\box42
\@tempa=\box43
\@tempa=\box44
\@tempa=\box45
\@tempa=\box46
\@tempa=\box47
\@tempa=\box48
\@tempa=\box49
\@tempa=\box50
\c@columnbadness=\count106
\c@finalcolumnbadness=\count107
\last@try=\dimen116
\multicolovershoot=\dimen117
\multicolundershoot=\dimen118
\mult@nat@firstbox=\box51
\colbreak@box=\box52
\mc@col@check@num=\count108
)
\@input{defs.aux}
\openout2 = `defs.aux'.

(defs.tex
("C:\Program Files (x86)\MiKTeX 2.9\tex\latex\pgf\frontendlayer\tikz.sty"
("C:\Program Files (x86)\MiKTeX 2.9\tex\latex\pgf\basiclayer\pgf.sty"
("C:\Program Files (x86)\MiKTeX 2.9\tex\latex\pgf\utilities\pgfrcs.sty"
("C:\Program Files (x86)\MiKTeX 2.9\tex\generic\pgf\utilities\pgfutil-common.te
x"
\pgfutil@everybye=\toks17
\pgfutil@tempdima=\dimen119
\pgfutil@tempdimb=\dimen120

("C:\Program Files (x86)\MiKTeX 2.9\tex\generic\pgf\utilities\pgfutil-common-li
sts.tex"))
("C:\Program Files (x86)\MiKTeX 2.9\tex\generic\pgf\utilities\pgfutil-latex.def
"
\pgfutil@abb=\box53
 ("C:\Program Files (x86)\MiKTeX 2.9\tex\latex\ms\everyshi.sty"
Package: everyshi 2001/05/15 v3.00 EveryShipout Package (MS)
))
("C:\Program Files (x86)\MiKTeX 2.9\tex\generic\pgf\utilities\pgfrcs.code.tex"
Package: pgfrcs 2015/08/07 v3.0.1a (rcs-revision 1.31)
))
Package: pgf 2015/08/07 v3.0.1a (rcs-revision 1.15)
 ("C:\Program Files (x86)\MiKTeX 2.9\tex\latex\pgf\basiclayer\pgfcore.sty"
("C:\Program Files (x86)\MiKTeX 2.9\tex\latex\pgf\systemlayer\pgfsys.sty"
("C:\Program Files (x86)\MiKTeX 2.9\tex\generic\pgf\systemlayer\pgfsys.code.tex
"
Package: pgfsys 2014/07/09 v3.0.1a (rcs-revision 1.48)
 ("C:\Program Files (x86)\MiKTeX 2.9\tex\generic\pgf\utilities\pgfkeys.code.tex
"
\pgfkeys@pathtoks=\toks18
\pgfkeys@temptoks=\toks19

("C:\Program Files (x86)\MiKTeX 2.9\tex\generic\pgf\utilities\pgfkeysfiltered.c
ode.tex"
\pgfkeys@tmptoks=\toks20
))
\pgf@x=\dimen121
\pgf@y=\dimen122
\pgf@xa=\dimen123
\pgf@ya=\dimen124
\pgf@xb=\dimen125
\pgf@yb=\dimen126
\pgf@xc=\dimen127
\pgf@yc=\dimen128
\w@pgf@writea=\write3
\r@pgf@reada=\read1
\c@pgf@counta=\count109
\c@pgf@countb=\count110
\c@pgf@countc=\count111
\c@pgf@countd=\count112
\t@pgf@toka=\toks21
\t@pgf@tokb=\toks22
\t@pgf@tokc=\toks23

("C:\Program Files (x86)\MiKTeX 2.9\tex\generic\pgf\systemlayer\pgf.cfg"
File: pgf.cfg 2008/05/14  (rcs-revision 1.7)
)
Driver file for pgf: pgfsys-xetex.def

("C:\Program Files (x86)\MiKTeX 2.9\tex\generic\pgf\systemlayer\pgfsys-xetex.de
f"
File: pgfsys-xetex.def 2014/07/09  (rcs-revision 1.11)

("C:\Program Files (x86)\MiKTeX 2.9\tex\generic\pgf\systemlayer\pgfsys-dvipdfmx
.def"
File: pgfsys-dvipdfmx.def 2014/07/09  (rcs-revision 1.14)

("C:\Program Files (x86)\MiKTeX 2.9\tex\generic\pgf\systemlayer\pgfsys-common-p
df.def"
File: pgfsys-common-pdf.def 2013/10/10  (rcs-revision 1.13)
)
\pgfsys@objnum=\count113
)))
("C:\Program Files (x86)\MiKTeX 2.9\tex\generic\pgf\systemlayer\pgfsyssoftpath.
code.tex"
File: pgfsyssoftpath.code.tex 2013/09/09  (rcs-revision 1.9)
\pgfsyssoftpath@smallbuffer@items=\count114
\pgfsyssoftpath@bigbuffer@items=\count115
)
("C:\Program Files (x86)\MiKTeX 2.9\tex\generic\pgf\systemlayer\pgfsysprotocol.
code.tex"
File: pgfsysprotocol.code.tex 2006/10/16  (rcs-revision 1.4)
))
("C:\Program Files (x86)\MiKTeX 2.9\tex\generic\pgf\basiclayer\pgfcore.code.tex
"
Package: pgfcore 2010/04/11 v3.0.1a (rcs-revision 1.7)
 ("C:\Program Files (x86)\MiKTeX 2.9\tex\generic\pgf\math\pgfmath.code.tex"
("C:\Program Files (x86)\MiKTeX 2.9\tex\generic\pgf\math\pgfmathcalc.code.tex"
("C:\Program Files (x86)\MiKTeX 2.9\tex\generic\pgf\math\pgfmathutil.code.tex")
("C:\Program Files (x86)\MiKTeX 2.9\tex\generic\pgf\math\pgfmathparser.code.tex
"
\pgfmath@dimen=\dimen129
\pgfmath@count=\count116
\pgfmath@box=\box54
\pgfmath@toks=\toks24
\pgfmath@stack@operand=\toks25
\pgfmath@stack@operation=\toks26
)
("C:\Program Files (x86)\MiKTeX 2.9\tex\generic\pgf\math\pgfmathfunctions.code.
tex"
("C:\Program Files (x86)\MiKTeX 2.9\tex\generic\pgf\math\pgfmathfunctions.basic
.code.tex")
("C:\Program Files (x86)\MiKTeX 2.9\tex\generic\pgf\math\pgfmathfunctions.trigo
nometric.code.tex")
("C:\Program Files (x86)\MiKTeX 2.9\tex\generic\pgf\math\pgfmathfunctions.rando
m.code.tex")
("C:\Program Files (x86)\MiKTeX 2.9\tex\generic\pgf\math\pgfmathfunctions.compa
rison.code.tex")
("C:\Program Files (x86)\MiKTeX 2.9\tex\generic\pgf\math\pgfmathfunctions.base.
code.tex")
("C:\Program Files (x86)\MiKTeX 2.9\tex\generic\pgf\math\pgfmathfunctions.round
.code.tex")
("C:\Program Files (x86)\MiKTeX 2.9\tex\generic\pgf\math\pgfmathfunctions.misc.
code.tex")
("C:\Program Files (x86)\MiKTeX 2.9\tex\generic\pgf\math\pgfmathfunctions.integ
erarithmetics.code.tex")))
("C:\Program Files (x86)\MiKTeX 2.9\tex\generic\pgf\math\pgfmathfloat.code.tex"
\c@pgfmathroundto@lastzeros=\count117
))
("C:\Program Files (x86)\MiKTeX 2.9\tex\generic\pgf\basiclayer\pgfcorepoints.co
de.tex"
File: pgfcorepoints.code.tex 2013/10/07  (rcs-revision 1.27)
\pgf@picminx=\dimen130
\pgf@picmaxx=\dimen131
\pgf@picminy=\dimen132
\pgf@picmaxy=\dimen133
\pgf@pathminx=\dimen134
\pgf@pathmaxx=\dimen135
\pgf@pathminy=\dimen136
\pgf@pathmaxy=\dimen137
\pgf@xx=\dimen138
\pgf@xy=\dimen139
\pgf@yx=\dimen140
\pgf@yy=\dimen141
\pgf@zx=\dimen142
\pgf@zy=\dimen143
)
("C:\Program Files (x86)\MiKTeX 2.9\tex\generic\pgf\basiclayer\pgfcorepathconst
ruct.code.tex"
File: pgfcorepathconstruct.code.tex 2013/10/07  (rcs-revision 1.29)
\pgf@path@lastx=\dimen144
\pgf@path@lasty=\dimen145
)
("C:\Program Files (x86)\MiKTeX 2.9\tex\generic\pgf\basiclayer\pgfcorepathusage
.code.tex"
File: pgfcorepathusage.code.tex 2014/11/02  (rcs-revision 1.24)
\pgf@shorten@end@additional=\dimen146
\pgf@shorten@start@additional=\dimen147
)
("C:\Program Files (x86)\MiKTeX 2.9\tex\generic\pgf\basiclayer\pgfcorescopes.co
de.tex"
File: pgfcorescopes.code.tex 2015/05/08  (rcs-revision 1.46)
\pgfpic=\box55
\pgf@hbox=\box56
\pgf@layerbox@main=\box57
\pgf@picture@serial@count=\count118
)
("C:\Program Files (x86)\MiKTeX 2.9\tex\generic\pgf\basiclayer\pgfcoregraphicst
ate.code.tex"
File: pgfcoregraphicstate.code.tex 2014/11/02  (rcs-revision 1.12)
\pgflinewidth=\dimen148
)
("C:\Program Files (x86)\MiKTeX 2.9\tex\generic\pgf\basiclayer\pgfcoretransform
ations.code.tex"
File: pgfcoretransformations.code.tex 2015/08/07  (rcs-revision 1.20)
\pgf@pt@x=\dimen149
\pgf@pt@y=\dimen150
\pgf@pt@temp=\dimen151
)
("C:\Program Files (x86)\MiKTeX 2.9\tex\generic\pgf\basiclayer\pgfcorequick.cod
e.tex"
File: pgfcorequick.code.tex 2008/10/09  (rcs-revision 1.3)
)
("C:\Program Files (x86)\MiKTeX 2.9\tex\generic\pgf\basiclayer\pgfcoreobjects.c
ode.tex"
File: pgfcoreobjects.code.tex 2006/10/11  (rcs-revision 1.2)
)
("C:\Program Files (x86)\MiKTeX 2.9\tex\generic\pgf\basiclayer\pgfcorepathproce
ssing.code.tex"
File: pgfcorepathprocessing.code.tex 2013/09/09  (rcs-revision 1.9)
)
("C:\Program Files (x86)\MiKTeX 2.9\tex\generic\pgf\basiclayer\pgfcorearrows.co
de.tex"
File: pgfcorearrows.code.tex 2015/05/14  (rcs-revision 1.43)
\pgfarrowsep=\dimen152
)
("C:\Program Files (x86)\MiKTeX 2.9\tex\generic\pgf\basiclayer\pgfcoreshade.cod
e.tex"
File: pgfcoreshade.code.tex 2013/07/15  (rcs-revision 1.15)
\pgf@max=\dimen153
\pgf@sys@shading@range@num=\count119
)
("C:\Program Files (x86)\MiKTeX 2.9\tex\generic\pgf\basiclayer\pgfcoreimage.cod
e.tex"
File: pgfcoreimage.code.tex 2013/07/15  (rcs-revision 1.18)

("C:\Program Files (x86)\MiKTeX 2.9\tex\generic\pgf\basiclayer\pgfcoreexternal.
code.tex"
File: pgfcoreexternal.code.tex 2014/07/09  (rcs-revision 1.21)
\pgfexternal@startupbox=\box58
))
("C:\Program Files (x86)\MiKTeX 2.9\tex\generic\pgf\basiclayer\pgfcorelayers.co
de.tex"
File: pgfcorelayers.code.tex 2013/07/18  (rcs-revision 1.7)
)
("C:\Program Files (x86)\MiKTeX 2.9\tex\generic\pgf\basiclayer\pgfcoretranspare
ncy.code.tex"
File: pgfcoretransparency.code.tex 2013/09/30  (rcs-revision 1.5)
)
("C:\Program Files (x86)\MiKTeX 2.9\tex\generic\pgf\basiclayer\pgfcorepatterns.
code.tex"
File: pgfcorepatterns.code.tex 2013/11/07  (rcs-revision 1.5)
)))
("C:\Program Files (x86)\MiKTeX 2.9\tex\generic\pgf\modules\pgfmoduleshapes.cod
e.tex"
File: pgfmoduleshapes.code.tex 2014/03/21  (rcs-revision 1.35)
\pgfnodeparttextbox=\box59
)
("C:\Program Files (x86)\MiKTeX 2.9\tex\generic\pgf\modules\pgfmoduleplot.code.
tex"
File: pgfmoduleplot.code.tex 2015/08/03  (rcs-revision 1.13)
)
("C:\Program Files (x86)\MiKTeX 2.9\tex\latex\pgf\compatibility\pgfcomp-version
-0-65.sty"
Package: pgfcomp-version-0-65 2007/07/03 v3.0.1a (rcs-revision 1.7)
\pgf@nodesepstart=\dimen154
\pgf@nodesepend=\dimen155
)
("C:\Program Files (x86)\MiKTeX 2.9\tex\latex\pgf\compatibility\pgfcomp-version
-1-18.sty"
Package: pgfcomp-version-1-18 2007/07/23 v3.0.1a (rcs-revision 1.1)
))
("C:\Program Files (x86)\MiKTeX 2.9\tex\latex\pgf\utilities\pgffor.sty"
("C:\Program Files (x86)\MiKTeX 2.9\tex\latex\pgf\utilities\pgfkeys.sty"
("C:\Program Files (x86)\MiKTeX 2.9\tex\generic\pgf\utilities\pgfkeys.code.tex"
)) ("C:\Program Files (x86)\MiKTeX 2.9\tex\latex\pgf\math\pgfmath.sty"
("C:\Program Files (x86)\MiKTeX 2.9\tex\generic\pgf\math\pgfmath.code.tex"))
("C:\Program Files (x86)\MiKTeX 2.9\tex\generic\pgf\utilities\pgffor.code.tex"
Package: pgffor 2013/12/13 v3.0.1a (rcs-revision 1.25)

("C:\Program Files (x86)\MiKTeX 2.9\tex\generic\pgf\math\pgfmath.code.tex")
\pgffor@iter=\dimen156
\pgffor@skip=\dimen157
\pgffor@stack=\toks27
\pgffor@toks=\toks28
))
("C:\Program Files (x86)\MiKTeX 2.9\tex\generic\pgf\frontendlayer\tikz\tikz.cod
e.tex"
Package: tikz 2015/08/07 v3.0.1a (rcs-revision 1.151)

("C:\Program Files (x86)\MiKTeX 2.9\tex\generic\pgf\libraries\pgflibraryplothan
dlers.code.tex"
File: pgflibraryplothandlers.code.tex 2013/08/31 v3.0.1a (rcs-revision 1.20)
\pgf@plot@mark@count=\count120
\pgfplotmarksize=\dimen158
)
\tikz@lastx=\dimen159
\tikz@lasty=\dimen160
\tikz@lastxsaved=\dimen161
\tikz@lastysaved=\dimen162
\tikzleveldistance=\dimen163
\tikzsiblingdistance=\dimen164
\tikz@figbox=\box60
\tikz@figbox@bg=\box61
\tikz@tempbox=\box62
\tikz@tempbox@bg=\box63
\tikztreelevel=\count121
\tikznumberofchildren=\count122
\tikznumberofcurrentchild=\count123
\tikz@fig@count=\count124

("C:\Program Files (x86)\MiKTeX 2.9\tex\generic\pgf\modules\pgfmodulematrix.cod
e.tex"
File: pgfmodulematrix.code.tex 2013/09/17  (rcs-revision 1.8)
\pgfmatrixcurrentrow=\count125
\pgfmatrixcurrentcolumn=\count126
\pgf@matrix@numberofcolumns=\count127
)
\tikz@expandcount=\count128

("C:\Program Files (x86)\MiKTeX 2.9\tex\generic\pgf\frontendlayer\tikz\librarie
s\tikzlibrarytopaths.code.tex"
File: tikzlibrarytopaths.code.tex 2008/06/17 v3.0.1a (rcs-revision 1.2)
)))
("C:\Program Files (x86)\MiKTeX 2.9\tex\latex\tools\calc.sty"
Package: calc 2014/10/28 v4.3 Infix arithmetic (KKT,FJ)
\calc@Acount=\count129
\calc@Bcount=\count130
\calc@Adimen=\dimen165
\calc@Bdimen=\dimen166
\calc@Askip=\skip46
\calc@Bskip=\skip47
LaTeX Info: Redefining \setlength on input line 80.
LaTeX Info: Redefining \addtolength on input line 81.
\calc@Ccount=\count131
\calc@Cskip=\skip48
)
("C:\Users\VIET NGUYEN\AppData\Roaming\MiKTeX\2.9\tex\latex\booktabs\booktabs.s
ty"
Package: booktabs 2005/04/14 v1.61803 publication quality tables
\heavyrulewidth=\dimen167
\lightrulewidth=\dimen168
\cmidrulewidth=\dimen169
\belowrulesep=\dimen170
\belowbottomsep=\dimen171
\aboverulesep=\dimen172
\abovetopsep=\dimen173
\cmidrulesep=\dimen174
\cmidrulekern=\dimen175
\defaultaddspace=\dimen176
\@cmidla=\count132
\@cmidlb=\count133
\@aboverulesep=\dimen177
\@belowrulesep=\dimen178
\@thisruleclass=\count134
\@lastruleclass=\count135
\@thisrulewidth=\dimen179
) ("C:\Program Files (x86)\MiKTeX 2.9\tex\latex\fontspec\fontspec.sty"
("C:\Program Files (x86)\MiKTeX 2.9\tex\latex\l3kernel\expl3.sty"
Package: expl3 2016/05/18 v6512 L3 programming layer (loader) 

("C:\Program Files (x86)\MiKTeX 2.9\tex\latex\l3kernel\expl3-code.tex"
Package: expl3 2016/05/18 v6512 L3 programming layer (code)
L3 Module: l3bootstrap 2016/02/12 v6412 L3 Bootstrap code
L3 Module: l3names 2016/03/11 v6433 L3 Namespace for primitives
L3 Module: l3basics 2015/11/22 v6315 L3 Basic definitions
L3 Module: l3expan 2015/09/10 v5983 L3 Argument expansion
L3 Module: l3tl 2016/03/26 v6465 L3 Token lists
L3 Module: l3str 2016/03/24 v6441 L3 Strings
L3 Module: l3seq 2015/08/05 v5777 L3 Sequences and stacks
L3 Module: l3int 2016/03/24 v6441 L3 Integers
\c_max_int=\count136
\l_tmpa_int=\count137
\l_tmpb_int=\count138
\g_tmpa_int=\count139
\g_tmpb_int=\count140
L3 Module: l3quark 2015/08/17 v5855 L3 Quarks
L3 Module: l3prg 2015/11/01 v6216 L3 Control structures
\g__prg_map_int=\count141
L3 Module: l3clist 2015/09/02 v5901 L3 Comma separated lists
L3 Module: l3token 2016/04/03 v6470 L3 Experimental token manipulation
L3 Module: l3prop 2016/01/05 v6366 L3 Property lists
L3 Module: l3msg 2016/03/26 v6464 L3 Messages
L3 Module: l3file 2016/03/25 v6458 L3 File and I/O operations
\l_iow_line_count_int=\count142
\l__iow_target_count_int=\count143
\l__iow_current_line_int=\count144
\l__iow_current_word_int=\count145
\l__iow_current_indentation_int=\count146
L3 Module: l3skip 2016/01/05 v6366 L3 Dimensions and skips
\c_zero_dim=\dimen180
\c_max_dim=\dimen181
\l_tmpa_dim=\dimen182
\l_tmpb_dim=\dimen183
\g_tmpa_dim=\dimen184
\g_tmpb_dim=\dimen185
\c_zero_skip=\skip49
\c_max_skip=\skip50
\l_tmpa_skip=\skip51
\l_tmpb_skip=\skip52
\g_tmpa_skip=\skip53
\g_tmpb_skip=\skip54
\c_zero_muskip=\muskip11
\c_max_muskip=\muskip12
\l_tmpa_muskip=\muskip13
\l_tmpb_muskip=\muskip14
\g_tmpa_muskip=\muskip15
\g_tmpb_muskip=\muskip16
L3 Module: l3keys 2015/11/17 v6284 L3 Key-value interfaces
\g__keyval_level_int=\count147
\l_keys_choice_int=\count148
L3 Module: l3fp 2016/03/26 v6465 L3 Floating points
\c__fp_leading_shift_int=\count149
\c__fp_middle_shift_int=\count150
\c__fp_trailing_shift_int=\count151
\c__fp_big_leading_shift_int=\count152
\c__fp_big_middle_shift_int=\count153
\c__fp_big_trailing_shift_int=\count154
\c__fp_Bigg_leading_shift_int=\count155
\c__fp_Bigg_middle_shift_int=\count156
\c__fp_Bigg_trailing_shift_int=\count157
L3 Module: l3box 2015/08/09 v5822 L3 Experimental boxes
\c_empty_box=\box64
\l_tmpa_box=\box65
\l_tmpb_box=\box66
\g_tmpa_box=\box67
\g_tmpb_box=\box68
L3 Module: l3coffins 2016/05/17 v6508 L3 Coffin code layer
\l__coffin_internal_box=\box69
\l__coffin_internal_dim=\dimen186
\l__coffin_offset_x_dim=\dimen187
\l__coffin_offset_y_dim=\dimen188
\l__coffin_x_dim=\dimen189
\l__coffin_y_dim=\dimen190
\l__coffin_x_prime_dim=\dimen191
\l__coffin_y_prime_dim=\dimen192
\c_empty_coffin=\box70
\l__coffin_aligned_coffin=\box71
\l__coffin_aligned_internal_coffin=\box72
\l_tmpa_coffin=\box73
\l_tmpb_coffin=\box74
\l__coffin_display_coffin=\box75
\l__coffin_display_coord_coffin=\box76
\l__coffin_display_pole_coffin=\box77
\l__coffin_display_offset_dim=\dimen193
\l__coffin_display_x_dim=\dimen194
\l__coffin_display_y_dim=\dimen195
L3 Module: l3color 2014/08/23 v5354 L3 Experimental color support
L3 Module: l3sys 2015/09/25 v6087 L3 Experimental system/runtime functions
L3 Module: l3candidates 2016/05/13 v6484 L3 Experimental additions to l3kernel
\l__box_top_dim=\dimen196
\l__box_bottom_dim=\dimen197
\l__box_left_dim=\dimen198
\l__box_right_dim=\dimen199
\l__box_top_new_dim=\dimen256
\l__box_bottom_new_dim=\dimen257
\l__box_left_new_dim=\dimen258
\l__box_right_new_dim=\dimen259
\l__box_internal_box=\box78
\l__coffin_bounding_shift_dim=\dimen260
\l__coffin_left_corner_dim=\dimen261
\l__coffin_right_corner_dim=\dimen262
\l__coffin_bottom_corner_dim=\dimen263
\l__coffin_top_corner_dim=\dimen264
\l__coffin_scaled_total_height_dim=\dimen265
\l__coffin_scaled_width_dim=\dimen266
L3 Module: l3luatex 2016/03/26 v6465 L3 Experimental LuaTeX-specific functions
)
("C:\Program Files (x86)\MiKTeX 2.9\tex\latex\l3kernel\l3xdvipdfmx.def"
File: l3xdvidpfmx.def 2016/03/26 v6465 L3 Experimental driver: xdvipdfmx
\l__driver_tmp_box=\box79
))
("C:\Program Files (x86)\MiKTeX 2.9\tex\latex\l3packages\xparse\xparse.sty"
Package: xparse 2016/05/18 v6512 L3 Experimental document command parser
\l__xparse_current_arg_int=\count158
\l__xparse_m_args_int=\count159
\l__xparse_mandatory_args_int=\count160
\l__xparse_processor_int=\count161
\l__xparse_v_nesting_int=\count162
)
Package: fontspec 2016/02/01 v2.5a Font selection for XeLaTeX and LuaLaTeX

("C:\Program Files (x86)\MiKTeX 2.9\tex\latex\fontspec\fontspec-xetex.sty"
Package: fontspec-xetex 2016/02/01 v2.5a Font selection for XeLaTeX and LuaLaTe
X
\l_fontspec_script_int=\count163
\l_fontspec_language_int=\count164
\l_fontspec_strnum_int=\count165
\l__fontspec_tmpa_dim=\dimen267
\l__fontspec_tmpb_dim=\dimen268
\l__fontspec_tmpc_dim=\dimen269
\g__file_internal_ior=\read2

("C:\Program Files (x86)\MiKTeX 2.9\tex\latex\base\fontenc.sty"
Package: fontenc 2005/09/27 v1.99g Standard LaTeX package

("C:\Program Files (x86)\MiKTeX 2.9\tex\latex\euenc\eu1enc.def"
File: eu1enc.def 2010/05/27 v0.1h Experimental Unicode font encodings
)
LaTeX Font Info:    Try loading font information for EU1+lmr on input line 105.


("C:\Program Files (x86)\MiKTeX 2.9\tex\latex\euenc\eu1lmr.fd"
File: eu1lmr.fd 2009/10/30 v1.6 Font defs for Latin Modern
))
("C:\Program Files (x86)\MiKTeX 2.9\tex\xelatex\xunicode\xunicode.sty"
File: xunicode.sty 2011/09/09 v0.981 provides access to latin accents and many 
other characters in Unicode lower plane

*** you should *not* be loading the inputenc package
*** XeTeX expects the source to be in UTF8 encoding
*** some features of other encodings may conflict, resulting in poor output.
("C:\Users\VIET NGUYEN\AppData\Roaming\MiKTeX\2.9\tex\latex\tipa\t3enc.def"
File: t3enc.def 2001/12/31 T3 encoding
LaTeX Font Info:    Try loading font information for EU1+lmss on input line 357
.

("C:\Program Files (x86)\MiKTeX 2.9\tex\latex\euenc\eu1lmss.fd"
File: eu1lmss.fd 2009/10/30 v1.6 Font defs for Latin Modern
))
\tipaTiiicode=\count166
\tipasavetokens=\toks29
\tipachecktokens=\toks30
)
.................................................
. LaTeX info: "xparse/define-command"
. 
. Defining command \__fontspec_post_arg:w with sig. 'mmO{}' on line 353.
.................................................
.................................................
. LaTeX info: "xparse/define-command"
. 
. Defining command \fontspec with sig. 'om' on line 355.
.................................................
.................................................
. LaTeX info: "xparse/define-command"
. 
. Defining command \setmainfont with sig. 'om' on line 365.
.................................................
.................................................
. LaTeX info: "xparse/define-command"
. 
. Defining command \setsansfont with sig. 'om' on line 375.
.................................................
.................................................
. LaTeX info: "xparse/define-command"
. 
. Defining command \setmonofont with sig. 'om' on line 385.
.................................................
.................................................
. LaTeX info: "xparse/define-command"
. 
. Defining command \setmathrm with sig. 'om' on line 399.
.................................................
.................................................
. LaTeX info: "xparse/define-command"
. 
. Defining command \setboldmathrm with sig. 'om' on line 407.
.................................................
.................................................
. LaTeX info: "xparse/define-command"
. 
. Defining command \setmathsf with sig. 'om' on line 415.
.................................................
.................................................
. LaTeX info: "xparse/define-command"
. 
. Defining command \setmathtt with sig. 'om' on line 423.
.................................................
.................................................
. LaTeX info: "xparse/define-command"
. 
. Defining command \newfontfamily with sig. 'mom' on line 437.
.................................................
.................................................
. LaTeX info: "xparse/define-command"
. 
. Defining command \newfontface with sig. 'mom' on line 453.
.................................................
.................................................
. LaTeX info: "xparse/define-command"
. 
. Defining command \defaultfontfeatures with sig. 't+om' on line 467.
.................................................
.................................................
. LaTeX info: "xparse/define-command"
. 
. Defining command \addfontfeatures with sig. 'm' on line 529.
.................................................
.................................................
. LaTeX info: "xparse/define-command"
. 
. Defining command \newfontfeature with sig. 'mm' on line 540.
.................................................
.................................................
. LaTeX info: "xparse/define-command"
. 
. Defining command \newAATfeature with sig. 'mmmm' on line 548.
.................................................
.................................................
. LaTeX info: "xparse/define-command"
. 
. Defining command \newopentypefeature with sig. 'mmm' on line 556.
.................................................
.................................................
. LaTeX info: "xparse/define-command"
. 
. Defining command \aliasfontfeature with sig. 'mm' on line 577.
.................................................
.................................................
. LaTeX info: "xparse/define-command"
. 
. Defining command \aliasfontfeatureoption with sig. 'mmm' on line 586.
.................................................
.................................................
. LaTeX info: "xparse/define-command"
. 
. Defining command \newfontscript with sig. 'mm' on line 590.
.................................................
.................................................
. LaTeX info: "xparse/define-command"
. 
. Defining command \newfontlanguage with sig. 'mm' on line 594.
.................................................
.................................................
. LaTeX info: "xparse/define-command"
. 
. Defining command \DeclareFontsExtensions with sig. 'm' on line 599.
.................................................
\l__fontspec_tmp_int=\count167

("C:\Program Files (x86)\MiKTeX 2.9\tex\latex\fontspec\fontspec.cfg")
LaTeX Info: Redefining \itshape on input line 2705.
LaTeX Info: Redefining \slshape on input line 2710.
LaTeX Info: Redefining \scshape on input line 2715.
LaTeX Info: Redefining \upshape on input line 2720.
\l__fontspec_em_int=\count168
\l__fontspec_emdef_int=\count169
LaTeX Info: Redefining \em on input line 2736.
LaTeX Info: Redefining \emph on input line 2742.
LaTeX Info: Redefining \- on input line 2746.
.................................................
. LaTeX info: "xparse/redefine-command"
. 
. Redefining command \oldstylenums with sig. 'm' on line 2841.
.................................................
.................................................
. LaTeX info: "xparse/define-command"
. 
. Defining command \liningnums with sig. 'm' on line 2845.
.................................................
))
\g__fontspec_family_Lato-Regular.ttf_int=\count170
.................................................
. fontspec info: "defining-font"
. 
. Font family 'Lato-Regular.ttf(0)' created for font 'Lato-Regular.ttf' with
. options
. [Mapping=tex-text,Ligatures=TeX,BoldFont=Lato-Bold.ttf,ItalicFont=Lato-Italic
.ttf,BoldItalicFont=Lato-BoldItalic.ttf].
. 
. This font family consists of the following NFSS series/shapes:
. - 'normal' (m/n) with NFSS spec.:
. <->"[Lato-Regular]/OT:script=latn;language=DFLT;mapping=tex-text;mapping=tex-
text;"
. - 'small caps'  (m/sc) with NFSS spec.: - 'bold' (bx/n) with NFSS spec.:
. <->"[Lato-Bold]/OT:script=latn;language=DFLT;mapping=tex-text;mapping=tex-tex
t;"
. - 'bold small caps'  (bx/sc) with NFSS spec.: - 'italic' (m/it) with NFSS
. spec.:
. <->"[Lato-Italic]/OT:script=latn;language=DFLT;mapping=tex-text;mapping=tex-t
ext;"
. - 'italic small caps'  (m/itsc) with NFSS spec.: - 'bold italic' (bx/it)
. with NFSS spec.:
. <->"[Lato-BoldItalic]/OT:script=latn;language=DFLT;mapping=tex-text;mapping=t
ex-text;"
. - 'bold italic small caps'  (bx/itsc) with NFSS spec.: 
.................................................
\g__fontspec_family_Lato-Black.ttf_int=\count171
.................................................
. fontspec info: "defining-font"
. 
. Font family 'Lato-Black.ttf(0)' created for font 'Lato-Black.ttf' with
. options [Mapping=tex-text,ItalicFont=Lato-BlackItalic.ttf].
. 
. This font family consists of the following NFSS series/shapes:
. - 'normal' (m/n) with NFSS spec.:
. <->"[Lato-Black]/OT:script=latn;language=DFLT;mapping=tex-text;"
. - 'small caps'  (m/sc) with NFSS spec.: - 'italic' (m/it) with NFSS spec.:
. <->"[Lato-BlackItalic]/OT:script=latn;language=DFLT;mapping=tex-text;"
. - 'italic small caps'  (m/itsc) with NFSS spec.: 
.................................................

("C:\Users\VIET NGUYEN\AppData\Roaming\MiKTeX\2.9\tex\latex\geometry-de\geometr
y.sty"
Package: geometry 2010/09/12 v5.6 Page Geometry
\Gm@cnth=\count172
\Gm@cntv=\count173
\c@Gm@tempcnt=\count174
\Gm@bindingoffset=\dimen270
\Gm@wd@mp=\dimen271
\Gm@odd@mp=\dimen272
\Gm@even@mp=\dimen273
\Gm@layoutwidth=\dimen274
\Gm@layoutheight=\dimen275
\Gm@layouthoffset=\dimen276
\Gm@layoutvoffset=\dimen277
\Gm@dimlist=\toks31
 ("C:\Program Files (x86)\MiKTeX 2.9\tex\xelatex\xetexconfig\geometry.cfg")) ("
C:\Program Files (x86)\MiKTeX 2.9\tex\latex\caption\caption.sty"
Package: caption 2016/02/21 v3.3-144 Customizing captions (AR)

("C:\Program Files (x86)\MiKTeX 2.9\tex\latex\caption\caption3.sty"
Package: caption3 2016/05/22 v1.7-166 caption3 kernel (AR)
Package caption3 Info: TeX engine: e-TeX on input line 67.
\captionmargin=\dimen278
\captionmargin@=\dimen279
\captionwidth=\dimen280
\caption@tempdima=\dimen281
\caption@indent=\dimen282
\caption@parindent=\dimen283
\caption@hangindent=\dimen284
)
\c@ContinuedFloat=\count175
Package caption Info: hyperref package is loaded.
)
Package caption Info: We need package `newfloat' on input line 34.

("C:\Program Files (x86)\MiKTeX 2.9\tex\latex\caption\newfloat.sty"
Package: newfloat 2015/09/17 v1.1-109 Defining new floating environments (AR)
)
("C:\Users\VIET NGUYEN\AppData\Roaming\MiKTeX\2.9\tex\latex\titlesec\titlesec.s
ty"
Package: titlesec 2016/03/21 v2.10.2 Sectioning titles
\ttl@box=\box80
\beforetitleunit=\skip55
\aftertitleunit=\skip56
\ttl@plus=\dimen285
\ttl@minus=\dimen286
\ttl@toksa=\toks32
\titlewidth=\dimen287
\titlewidthlast=\dimen288
\titlewidthfirst=\dimen289
) ("C:\Program Files (x86)\MiKTeX 2.9\tex\latex\fancyhdr\fancyhdr.sty"
Package: fancyhdr 2016/09/06 3.8 Extensive control of page headers and footers
\fancy@headwidth=\skip57
\f@ncyO@elh=\skip58
\f@ncyO@erh=\skip59
\f@ncyO@olh=\skip60
\f@ncyO@orh=\skip61
\f@ncyO@elf=\skip62
\f@ncyO@erf=\skip63
\f@ncyO@olf=\skip64
\f@ncyO@orf=\skip65
)
\myheight=\skip66

("C:\Users\VIET NGUYEN\AppData\Roaming\MiKTeX\2.9\tex\latex\eso-pic\eso-pic.sty
"
Package: eso-pic 2015/07/21 v2.0g eso-pic (RN)
)
("C:\Users\VIET NGUYEN\AppData\Roaming\MiKTeX\2.9\tex\latex\tcolorbox\tcolorbox
.sty"
Package: tcolorbox 2016/07/14 version 3.94 text color boxes
 ("C:\Program Files (x86)\MiKTeX 2.9\tex\latex\tools\verbatim.sty"
Package: verbatim 2014/10/28 v1.5q LaTeX2e package for verbatim enhancements
\every@verbatim=\toks33
\verbatim@line=\toks34
\verbatim@in@stream=\read3
)
("C:\Users\VIET NGUYEN\AppData\Roaming\MiKTeX\2.9\tex\latex\environ\environ.sty
"
Package: environ 2014/05/04 v0.3 A new way to define environments

("C:\Users\VIET NGUYEN\AppData\Roaming\MiKTeX\2.9\tex\latex\trimspaces\trimspac
es.sty"
Package: trimspaces 2009/09/17 v1.1 Trim spaces around a token list
)
\@envbody=\toks35
) ("C:\Program Files (x86)\MiKTeX 2.9\tex\latex\etoolbox\etoolbox.sty"
Package: etoolbox 2015/08/02 v2.2a e-TeX tools for LaTeX (JAW)
\etb@tempcnta=\count176
)
\tcb@titlebox=\box81
\tcb@upperbox=\box82
\tcb@lowerbox=\box83
\tcb@phantombox=\box84
\c@tcbbreakpart=\count177
\c@tcblayer=\count178
\tcolorbox@number=\count179
\tcb@temp=\box85
\tcb@temp=\box86
\tcb@temp=\box87
\tcb@temp=\box88
\tcb@out=\write4
\tcb@record@out=\write5
)
("C:\Users\VIET NGUYEN\AppData\Roaming\MiKTeX\2.9\tex\latex\wrapfig\wrapfig.sty
"
\wrapoverhang=\dimen290
\WF@size=\dimen291
\c@WF@wrappedlines=\count180
\WF@box=\box89
\WF@everypar=\toks36
Package: wrapfig 2003/01/31  v 3.6
)
\c@frames=\count181
)
("C:\Users\VIET NGUYEN\AppData\Roaming\MiKTeX\2.9\tex\latex\lipsum\lipsum.sty"
Package: lipsum 2014/07/27 v1.3 150 paragraphs of Lorem Ipsum dummy text
\c@lips@count=\count182
)
("C:\Users\VIET NGUYEN\AppData\Roaming\MiKTeX\2.9\tex\latex\tocbibind\tocbibind
.sty"
Package: tocbibind 2010/10/13 v1.5k extra ToC listings
Package tocbibind Info: The document has section divisions on input line 50.


Package tocbibind Note: Using section or other style headings.

) ("SON report.aux")
\openout1 = `"SON report.aux"'.

LaTeX Font Info:    Checking defaults for OML/cmm/m/it on input line 21.
LaTeX Font Info:    ... okay on input line 21.
LaTeX Font Info:    Checking defaults for T1/cmr/m/n on input line 21.
LaTeX Font Info:    ... okay on input line 21.
LaTeX Font Info:    Checking defaults for OT1/cmr/m/n on input line 21.
LaTeX Font Info:    ... okay on input line 21.
LaTeX Font Info:    Checking defaults for OMS/cmsy/m/n on input line 21.
LaTeX Font Info:    ... okay on input line 21.
LaTeX Font Info:    Checking defaults for OMX/cmex/m/n on input line 21.
LaTeX Font Info:    ... okay on input line 21.
LaTeX Font Info:    Checking defaults for U/cmr/m/n on input line 21.
LaTeX Font Info:    ... okay on input line 21.
LaTeX Font Info:    Checking defaults for PD1/pdf/m/n on input line 21.
LaTeX Font Info:    ... okay on input line 21.
LaTeX Font Info:    Checking defaults for PU/pdf/m/n on input line 21.
LaTeX Font Info:    ... okay on input line 21.
LaTeX Font Info:    Checking defaults for EU1/lmr/m/n on input line 21.
LaTeX Font Info:    ... okay on input line 21.
LaTeX Font Info:    Checking defaults for T3/cmr/m/n on input line 21.
LaTeX Font Info:    Try loading font information for T3+cmr on input line 21.

("C:\Users\VIET NGUYEN\AppData\Roaming\MiKTeX\2.9\tex\latex\tipa\t3cmr.fd"
File: t3cmr.fd 2001/12/31 TIPA font definitions
)
LaTeX Font Info:    ... okay on input line 21.
\AtBeginShipoutBox=\box90
Package hyperref Info: Link coloring OFF on input line 21.

("C:\Program Files (x86)\MiKTeX 2.9\tex\latex\hyperref\nameref.sty"
Package: nameref 2016/05/21 v2.44 Cross-referencing by name of section

("C:\Program Files (x86)\MiKTeX 2.9\tex\generic\oberdiek\gettitlestring.sty"
Package: gettitlestring 2016/05/16 v1.5 Cleanup title references (HO)
)
\c@section@level=\count183
)
LaTeX Info: Redefining \ref on input line 21.
LaTeX Info: Redefining \pageref on input line 21.
LaTeX Info: Redefining \nameref on input line 21.

("SON report.out") ("SON report.out")
\@outlinefile=\write6
\openout6 = `"SON report.out"'.

 ABD: EveryShipout initializing macros
*** you should *not* be loading the inputenc package
*** XeTeX expects the source to be in UTF8 encoding
*** some features of other encodings may conflict, resulting in poor output.
.................................................
. fontspec info: "setup-math"
. 
. Adjusting the maths setup (use [no-math] to avoid this).
.................................................
\symlegacymaths=\mathgroup4
LaTeX Font Info:    Overwriting symbol font `legacymaths' in version `bold'
(Font)                  OT1/cmr/m/n --> OT1/cmr/bx/n on input line 21.
LaTeX Font Info:    Redeclaring math accent \acute on input line 21.
LaTeX Font Info:    Redeclaring math accent \grave on input line 21.
LaTeX Font Info:    Redeclaring math accent \ddot on input line 21.
LaTeX Font Info:    Redeclaring math accent \tilde on input line 21.
LaTeX Font Info:    Redeclaring math accent \bar on input line 21.
LaTeX Font Info:    Redeclaring math accent \breve on input line 21.
LaTeX Font Info:    Redeclaring math accent \check on input line 21.
LaTeX Font Info:    Redeclaring math accent \hat on input line 21.
LaTeX Font Info:    Redeclaring math accent \dot on input line 21.
LaTeX Font Info:    Redeclaring math accent \mathring on input line 21.
LaTeX Font Info:    Redeclaring math symbol \colon on input line 21.
LaTeX Font Info:    Redeclaring math symbol \Gamma on input line 21.
LaTeX Font Info:    Redeclaring math symbol \Delta on input line 21.
LaTeX Font Info:    Redeclaring math symbol \Theta on input line 21.
LaTeX Font Info:    Redeclaring math symbol \Lambda on input line 21.
LaTeX Font Info:    Redeclaring math symbol \Xi on input line 21.
LaTeX Font Info:    Redeclaring math symbol \Pi on input line 21.
LaTeX Font Info:    Redeclaring math symbol \Sigma on input line 21.
LaTeX Font Info:    Redeclaring math symbol \Upsilon on input line 21.
LaTeX Font Info:    Redeclaring math symbol \Phi on input line 21.
LaTeX Font Info:    Redeclaring math symbol \Psi on input line 21.
LaTeX Font Info:    Redeclaring math symbol \Omega on input line 21.
LaTeX Font Info:    Redeclaring math symbol \mathdollar on input line 21.
LaTeX Font Info:    Redeclaring symbol font `operators' on input line 21.
LaTeX Font Info:    Encoding `OT1' has changed to `EU1' for symbol font
(Font)              `operators' in the math version `normal' on input line 21.
LaTeX Font Info:    Overwriting symbol font `operators' in version `normal'
(Font)                  OT1/cmr/m/n --> EU1/Lato-Regular.ttf(0)/m/n on input li
ne 21.
LaTeX Font Info:    Encoding `OT1' has changed to `EU1' for symbol font
(Font)              `operators' in the math version `bold' on input line 21.
LaTeX Font Info:    Overwriting symbol font `operators' in version `bold'
(Font)                  OT1/cmr/bx/n --> EU1/Lato-Regular.ttf(0)/m/n on input l
ine 21.
LaTeX Font Info:    Overwriting symbol font `operators' in version `normal'
(Font)                  EU1/Lato-Regular.ttf(0)/m/n --> EU1/Lato-Regular.ttf(0)
/m/n on input line 21.
LaTeX Font Info:    Overwriting math alphabet `\mathit' in version `normal'
(Font)                  OT1/cmr/m/it --> EU1/Lato-Regular.ttf(0)/m/it on input 
line 21.
LaTeX Font Info:    Overwriting math alphabet `\mathbf' in version `normal'
(Font)                  OT1/cmr/bx/n --> EU1/Lato-Regular.ttf(0)/bx/n on input 
line 21.
LaTeX Font Info:    Overwriting math alphabet `\mathsf' in version `normal'
(Font)                  OT1/cmss/m/n --> EU1/lmss/m/n on input line 21.
LaTeX Font Info:    Overwriting math alphabet `\mathtt' in version `normal'
(Font)                  OT1/cmtt/m/n --> EU1/lmtt/m/n on input line 21.
LaTeX Font Info:    Overwriting symbol font `operators' in version `bold'
(Font)                  EU1/Lato-Regular.ttf(0)/m/n --> EU1/Lato-Regular.ttf(0)
/bx/n on input line 21.
LaTeX Font Info:    Overwriting math alphabet `\mathit' in version `bold'
(Font)                  OT1/cmr/bx/it --> EU1/Lato-Regular.ttf(0)/bx/it on inpu
t line 21.
LaTeX Font Info:    Overwriting math alphabet `\mathsf' in version `bold'
(Font)                  OT1/cmss/bx/n --> EU1/lmss/bx/n on input line 21.
LaTeX Font Info:    Overwriting math alphabet `\mathtt' in version `bold'
(Font)                  OT1/cmtt/m/n --> EU1/lmtt/bx/n on input line 21.
*geometry* detected driver: pdftex
*geometry* verbose mode - [ preamble ] result:
* driver: pdftex
* paper: a4paper
* layout: <same size as paper>
* layoutoffset:(h,v)=(0.0pt,0.0pt)
* modes: 
* h-part:(L,W,R)=(56.9055pt, 483.69687pt, 56.9055pt)
* v-part:(T,H,B)=(56.9055pt, 731.23584pt, 56.9055pt)
* \paperwidth=597.50787pt
* \paperheight=845.04684pt
* \textwidth=483.69687pt
* \textheight=731.23584pt
* \oddsidemargin=-15.36449pt
* \evensidemargin=-15.36449pt
* \topmargin=-40.36449pt
* \headheight=0.0pt
* \headsep=25.0pt
* \topskip=12.0pt
* \footskip=18.23401pt
* \marginparwidth=44.0pt
* \marginparsep=10.0pt
* \columnsep=10.0pt
* \skip\footins=10.8pt plus 4.0pt minus 2.0pt
* \hoffset=0.0pt
* \voffset=0.0pt
* \mag=1000
* \@twocolumnfalse
* \@twosidefalse
* \@mparswitchfalse
* \@reversemarginfalse
* (1in=72.27pt=25.4mm, 1cm=28.453pt)

Package caption Info: Begin \AtBeginDocument code.
Package caption Info: wrapfig package is loaded.
Package caption Info: End \AtBeginDocument code.
LaTeX Font Info:    External font `cmex10' loaded for size
(Font)              <12> on input line 22.
LaTeX Font Info:    External font `cmex10' loaded for size
(Font)              <8> on input line 22.
LaTeX Font Info:    External font `cmex10' loaded for size
(Font)              <6> on input line 22.

Underfull \hbox (badness 10000) in paragraph at lines 22--22
[]\EU1/Lato-Black.ttf(0)/m/n/20.74 Application of Machine Learn-
 []


Underfull \hbox (badness 10000) in paragraph at lines 22--22
\EU1/Lato-Black.ttf(0)/m/n/20.74 ing in Self-organized Network
 []

("C:\Program Files (x86)\MiKTeX 2.9\tex\generic\oberdiek\se-ascii-print.def"
File: se-ascii-print.def 2016/05/16 v1.11 stringenc: Printable ASCII characters

)
File: cover.png Graphic file (type QTm)

<use  "cover.png" > [1



\providecommand\tcolorbox@label[2]{}

]

LaTeX Font Warning: Font shape `EU1/Lato-Black.ttf(0)/bx/n' undefined
(Font)              using `EU1/Lato-Black.ttf(0)/m/n' instead on input line 24.


("SON report.toc")
\tf@toc=\write7
\openout7 = `"SON report.toc"'.



Package Fancyhdr Warning: \headheight is too small (0.0pt): 
 Make it at least 14.49998pt.
 We now make it that large for the rest of the document.
 This may cause the page layout to be inconsistent, however.

File: logo.png Graphic file (type QTm)
<use  "logo.png" > [2

]
Overfull \hbox (14.0252pt too wide) in paragraph at lines 52--54
[]\EU1/Lato-Regular.ttf(0)/m/n/12 Network management: self-awareness, self-conf
iguration, self-optimization, and self-healing, 
 []


Overfull \hbox (9.69121pt too wide) in paragraph at lines 59--64
\EU1/Lato-Regular.ttf(0)/m/n/12 reduce capital and operation expenditures (CAPE
X/OPEX), 3) to enhance network performances
 []


Package Fancyhdr Warning: \headheight is too small (0.0pt): 
 Make it at least 14.49998pt.
 We now make it that large for the rest of the document.
 This may cause the page layout to be inconsistent, however.

File: logo.png Graphic file (type QTm)
<use  "logo.png" > [3

]
File: fig1.jpg Graphic file (type QTm)
 <use  "fig1.jpg" >
Overfull \hbox (20.81345pt too wide) in paragraph at lines 97--99
[] \EU1/Lato-Regular.ttf(0)/m/n/12 A Self-Organizing Net-
 []


Overfull \hbox (12.40404pt too wide) in paragraph at lines 100--103
[]\EU1/Lato-Regular.ttf(0)/m/n/12 Self-organizing network functionalities are c
ommonly divided into three major sub-functional
 []


Overfull \hbox (8.322pt too wide) in paragraph at lines 100--103
\EU1/Lato-Regular.ttf(0)/m/n/12 ment, maintenance and optimization) into: self-
configuration, self-healing and self-optimization,
 []


Overfull \hbox (27.3483pt too wide) in paragraph at lines 106--107
\EU1/Lato-Regular.ttf(0)/m/n/12 nectivity establishment, and download of config
uration parameters are software. Self-configuration
 []


Package Fancyhdr Warning: \headheight is too small (0.0pt): 
 Make it at least 14.49998pt.
 We now make it that large for the rest of the document.
 This may cause the page layout to be inconsistent, however.

File: logo.png Graphic file (type QTm)
<use  "logo.png" > [4]

Package Fancyhdr Warning: \headheight is too small (0.0pt): 
 Make it at least 14.49998pt.
 We now make it that large for the rest of the document.
 This may cause the page layout to be inconsistent, however.

File: logo.png Graphic file (type QTm)
<use  "logo.png" > [5]
File: table2.jpg Graphic file (type QTm)
 <use  "table2.jpg" >
Overfull \hbox (17.62482pt too wide) in paragraph at lines 172--173
[][] 
 []


Package Fancyhdr Warning: \headheight is too small (0.0pt): 
 Make it at least 14.49998pt.
 We now make it that large for the rest of the document.
 This may cause the page layout to be inconsistent, however.

File: logo.png Graphic file (type QTm)
<use  "logo.png" > [6]

Package Fancyhdr Warning: \headheight is too small (0.0pt): 
 Make it at least 14.49998pt.
 We now make it that large for the rest of the document.
 This may cause the page layout to be inconsistent, however.

File: logo.png Graphic file (type QTm)
<use  "logo.png" > [7]

Package Fancyhdr Warning: \headheight is too small (0.0pt): 
 Make it at least 14.49998pt.
 We now make it that large for the rest of the document.
 This may cause the page layout to be inconsistent, however.

File: logo.png Graphic file (type QTm)
<use  "logo.png" > [8]

Package Fancyhdr Warning: \headheight is too small (0.0pt): 
 Make it at least 14.49998pt.
 We now make it that large for the rest of the document.
 This may cause the page layout to be inconsistent, however.

File: logo.png Graphic file (type QTm)
<use  "logo.png" > [9]

Package Fancyhdr Warning: \headheight is too small (0.0pt): 
 Make it at least 14.49998pt.
 We now make it that large for the rest of the document.
 This may cause the page layout to be inconsistent, however.

File: logo.png Graphic file (type QTm)
<use  "logo.png" > [10]

Package Fancyhdr Warning: \headheight is too small (0.0pt): 
 Make it at least 14.49998pt.
 We now make it that large for the rest of the document.
 This may cause the page layout to be inconsistent, however.

File: logo.png Graphic file (type QTm)
<use  "logo.png" > [11]

Package Fancyhdr Warning: \headheight is too small (0.0pt): 
 Make it at least 14.49998pt.
 We now make it that large for the rest of the document.
 This may cause the page layout to be inconsistent, however.

File: logo.png Graphic file (type QTm)
<use  "logo.png" > [12]
Underfull \hbox (badness 10000) in paragraph at lines 511--731
\EU1/Lato-Regular.ttf(0)/m/n/12 H. H. Chen, Self-configuration and self-
 []


Underfull \hbox (badness 10000) in paragraph at lines 511--731

 []


Underfull \hbox (badness 5847) in paragraph at lines 511--731
\EU1/Lato-Regular.ttf(0)/m/n/12 [140] C. A. S. Franco, J. R. B. de Marca,
 []


Underfull \hbox (badness 10000) in paragraph at lines 511--731
\EU1/Lato-Regular.ttf(0)/m/n/12 Mobility Prediction in Proactive Self-
 []


Underfull \hbox (badness 10000) in paragraph at lines 511--731
\EU1/Lato-Regular.ttf(0)/m/n/12 reinforcement learning approach for self-
 []


Underfull \hbox (badness 10000) in paragraph at lines 511--731
\EU1/Lato-Regular.ttf(0)/m/n/12 A Cooperative Fuzzy Qlearning for Self-
 []


Underfull \hbox (badness 6808) in paragraph at lines 511--731
\EU1/Lato-Regular.ttf(0)/m/n/12 [155] A. Galindo-Serrano, L. Giupponi, G.
 []


Underfull \hbox (badness 10000) in paragraph at lines 511--731
\EU1/Lato-Regular.ttf(0)/m/n/12 Auer, Distributed Learning in Multiuser
 []


Underfull \hbox (badness 6927) in paragraph at lines 511--731
\EU1/Lato-Regular.ttf(0)/m/n/12 [158] M. Simsek, A. Czylwik, A. Galindo-
 []


Underfull \hbox (badness 5939) in paragraph at lines 511--731
\EU1/Lato-Regular.ttf(0)/m/n/12 Workshop on Green Communications and
 []


Underfull \hbox (badness 10000) in paragraph at lines 511--731
\EU1/Lato-Regular.ttf(0)/m/n/12 works with Clustered Small Cell Deploy-
 []


Underfull \hbox (badness 10000) in paragraph at lines 511--731
\EU1/Lato-Regular.ttf(0)/m/n/12 ments, 11th IEEE International Sympo-
 []


Underfull \hbox (badness 10000) in paragraph at lines 511--731
\EU1/Lato-Regular.ttf(0)/m/n/12 [167] E. J. Khatib, R. Barco, A. Gomez-
 []


Underfull \hbox (badness 6477) in paragraph at lines 511--731
\EU1/Lato-Regular.ttf(0)/m/n/12 networks, IEEE Wireless Communications
 []


Underfull \hbox (badness 10000) in paragraph at lines 511--731
\EU1/Lato-Regular.ttf(0)/m/n/12 and Networking Conference (WCNC), p.
 []


Underfull \hbox (badness 7133) in paragraph at lines 511--731
\EU1/Lato-Regular.ttf(0)/m/n/12 Indoor, and Mobile Radio Communication
 []


Underfull \hbox (badness 10000) in paragraph at lines 511--731
\EU1/Lato-Regular.ttf(0)/m/n/12 A Framework for Classification of Self-
 []


Underfull \hbox (badness 7704) in paragraph at lines 511--731
\EU1/Lato-Regular.ttf(0)/m/n/12 Handover Optimization in LTE Networks,
 []


Underfull \hbox (badness 10000) in paragraph at lines 511--731
\EU1/Lato-Regular.ttf(0)/m/n/12 [179] J. Moysen and L. Giupponi, Self-
 []


Underfull \hbox (badness 6510) in paragraph at lines 511--731
\EU1/Lato-Regular.ttf(0)/m/n/12 architectures: a Markov decision process
 []


Underfull \hbox (badness 5817) in paragraph at lines 511--731
\EU1/Lato-Regular.ttf(0)/m/n/12 work Planning, 21th IEEE Symposium on
 []


Underfull \hbox (badness 10000) in paragraph at lines 511--731
\EU1/Lato-Regular.ttf(0)/m/n/12 Computers and Communications (ISCC),
 []


Underfull \hbox (badness 10000) in paragraph at lines 511--731
\EU1/Lato-Regular.ttf(0)/m/n/12 [183] , A Machine Learning enabled
 []


Underfull \hbox (badness 10000) in paragraph at lines 511--731
\EU1/Lato-Regular.ttf(0)/m/n/12 comparison of software implementations,
 []


Underfull \hbox (badness 5908) in paragraph at lines 511--731
\EU1/Lato-Regular.ttf(0)/m/n/12 [192] H. Derbel, N. Agoulmine, M. Salan,
 []


Underfull \hbox (badness 10000) in paragraph at lines 511--731
\EU1/Lato-Regular.ttf(0)/m/n/12 Anema: Autonomic network architec-
 []


Underfull \hbox (badness 10000) in paragraph at lines 511--731
\EU1/Lato-Regular.ttf(0)/m/n/12 [194] A. Mestres, et all., Knowledge
 []


Underfull \hbox (badness 10000) in paragraph at lines 511--731
\EU1/Lato-Regular.ttf(0)/m/n/12 Defined Networking, arXiv preprint
 []


Package Fancyhdr Warning: \headheight is too small (0.0pt): 
 Make it at least 14.49998pt.
 We now make it that large for the rest of the document.
 This may cause the page layout to be inconsistent, however.

File: logo.png Graphic file (type QTm)
<use  "logo.png" > [13]

Package Fancyhdr Warning: \headheight is too small (0.0pt): 
 Make it at least 14.49998pt.
 We now make it that large for the rest of the document.
 This may cause the page layout to be inconsistent, however.

File: logo.png Graphic file (type QTm)
<use  "logo.png" > [14]

Package Fancyhdr Warning: \headheight is too small (0.0pt): 
 Make it at least 14.49998pt.
 We now make it that large for the rest of the document.
 This may cause the page layout to be inconsistent, however.

File: logo.png Graphic file (type QTm)
<use  "logo.png" > [15]

Package Fancyhdr Warning: \headheight is too small (0.0pt): 
 Make it at least 14.49998pt.
 We now make it that large for the rest of the document.
 This may cause the page layout to be inconsistent, however.

File: logo.png Graphic file (type QTm)
<use  "logo.png" > [16]

Package Fancyhdr Warning: \headheight is too small (0.0pt): 
 Make it at least 14.49998pt.
 We now make it that large for the rest of the document.
 This may cause the page layout to be inconsistent, however.

File: logo.png Graphic file (type QTm)
<use  "logo.png" > [17]
Package atveryend Info: Empty hook `BeforeClearDocument' on input line 837.
Package atveryend Info: Empty hook `AfterLastShipout' on input line 837.
 ("SON report.aux")
Package atveryend Info: Empty hook `AtVeryEndDocument' on input line 837.
Package atveryend Info: Empty hook `AtEndAfterFileList' on input line 837.


LaTeX Font Warning: Some font shapes were not available, defaults substituted.

Package atveryend Info: Empty hook `AtVeryVeryEnd' on input line 837.
 ) 
Here is how much of TeX's memory you used:
 34940 strings out of 428409
 660810 string characters out of 3159522
 826589 words of memory out of 3000000
 37963 multiletter control sequences out of 15000+200000
 7684 words of font info for 48 fonts, out of 3000000 for 9000
 1328 hyphenation exceptions out of 8191
 59i,16n,75p,10407b,453s stack positions out of 5000i,500n,10000p,200000b,50000s

Output written on SON report.pdf (17 pages).
